3.348913221406896e-19
7.353883626497265e-19
3.3495754169228497e-18
6.970595793365888e-17
6.69126235735691e-15
4.492556040801286e-13
8.850917955423066e-12
2.2616757597823249e-10
3.6404188585140346e-09
1.1383021095568542e-08
2.3428054698632047e-08
1.8160432283232813e-07
3.0409029382279525e-06
4.228437485376525e-06
4.233770247155765e-06
4.233771952107228e-06
4.233771952107574e-06
4.233771952107573e-06
4.233771952107578e-06
4.233771952107568e-06
4.233771952107568e-06
4.23377195210757e-06
4.233771952107563e-06
4.23377195210758e-06
4.2337719521075765e-06
4.2337719521075706e-06
4.233771952107568e-06
4.233771952107568e-06
4.233771952107576e-06
4.2337719521075765e-06
4.233771952107567e-06
4.233771952107576e-06
4.2337719521075765e-06
4.233771952107567e-06
4.233771952107576e-06
4.2337719521075765e-06
4.233771952107567e-06
4.233771952107576e-06
4.2337719521075765e-06
4.233771952107567e-06
4.233771952107576e-06
4.2337719521075765e-06
4.233771952107567e-06
4.233771952107576e-06
4.2337719521075765e-06
4.233771952107567e-06
4.233771952107576e-06
4.2337719521075765e-06
4.233771952107567e-06
4.233771952107576e-06
4.2337719521075765e-06
4.233771952107567e-06
4.233771952107576e-06
4.2337719521075765e-06
4.233771952107567e-06
4.233771952107576e-06
4.2337719521075765e-06
4.233771952107567e-06
4.233771952107576e-06
4.2337719521075765e-06
4.233771952107567e-06
4.233771952107576e-06
4.2337719521075765e-06
4.233771952107567e-06
4.233771952107576e-06
4.2337719521075765e-06
4.233771952107567e-06
4.233771952107576e-06
4.2337719521075765e-06
4.233771952107567e-06
4.233771952107576e-06
4.2337719521075765e-06
4.233771952107567e-06
4.233771952107576e-06
4.2337719521075765e-06
4.233771952107567e-06
4.233771952107576e-06
4.2337719521075765e-06
4.233771952107567e-06
4.233771952107576e-06
4.2337719521075765e-06
4.233771952107567e-06
4.233771952107576e-06
4.2337719521075765e-06
4.233771952107567e-06
4.233771952107576e-06
4.2337719521075765e-06
4.233771952107567e-06
4.233771952107576e-06
4.2337719521075765e-06
4.233771952107567e-06
4.233771952107576e-06
4.2337719521075765e-06
4.233771952107567e-06
4.233771952107576e-06
4.2337719521075765e-06
4.233771952107567e-06
4.233771952107576e-06
4.2337719521075765e-06
4.233771952107567e-06
findfont: Matching :family=sans-serif:style=normal:variant=normal:weight=normal:stretch=normal:size=10.0 to DejaVu Sans ('/opt/conda/lib/python3.6/site-packages/matplotlib/mpl-data/fonts/ttf/DejaVuSans.ttf') with score of 0.050000
